# JRE version: Java(TM) SE Runtime Environment (8.0_191-b12) (build 1.8.0_191-b12)
# Java VM: Java HotSpot(TM) Client VM (25.191-b12 mixed mode windows-x86 )
Heap:
 def new generation   total 157248K, used 157247K [0x10400000, 0x1aea0000, 0x1aea0000)
  eden space 139776K,  99% used [0x10400000, 0x18c7fff8, 0x18c80000)
  from space 17472K, 100% used [0x19d90000, 0x1aea0000, 0x1aea0000)
  to   space 17472K,   0% used [0x18c80000, 0x18c80000, 0x19d90000)
 tenured generation   total 349568K, used 349568K [0x1aea0000, 0x30400000, 0x30400000)
   the space 349568K, 100% used [0x1aea0000, 0x30400000, 0x30400000, 0x30400000)
 Metaspace       used 22477K, capacity 22990K, committed 23168K, reserved 23936K
GC Heap History (10 events):
Event: 17925.078 GC heap before
{Heap before GC invocations=123 (full 79):
 def new generation   total 157248K, used 157247K [0x10400000, 0x1aea0000, 0x1aea0000)
  eden space 139776K,  99% used [0x10400000, 0x18c7fff8, 0x18c80000)
  from space 17472K,  99% used [0x19d90000, 0x1ae9ffa0, 0x1aea0000)
  to   space 17472K,   0% used [0x18c80000, 0x18c80000, 0x19d90000)
 tenured generation   total 349568K, used 349568K [0x1aea0000, 0x30400000, 0x30400000)
   the space 349568K, 100% used [0x1aea0000, 0x30400000, 0x30400000, 0x30400000)
 Metaspace       used 22477K, capacity 22990K, committed 23168K, reserved 23936K
Event: 17925.463 GC heap after
Heap after GC invocations=124 (full 80):
 def new generation   total 157248K, used 157242K [0x10400000, 0x1aea0000, 0x1aea0000)
  eden space 139776K,  99% used [0x10400000, 0x18c7fff8, 0x18c80000)
  from space 17472K,  99% used [0x19d90000, 0x1ae9eb70, 0x1aea0000)
  to   space 17472K,   0% used [0x18c80000, 0x18c80000, 0x19d90000)
 tenured generation   total 349568K, used 349567K [0x1aea0000, 0x30400000, 0x30400000)
   the space 349568K,  99% used [0x1aea0000, 0x303ffff0, 0x30400000, 0x30400000)
 Metaspace       used 22477K, capacity 22990K, committed 23168K, reserved 23936K
}
Event: 17925.464 GC heap before
{Heap before GC invocations=124 (full 80):
 def new generation   total 157248K, used 157247K [0x10400000, 0x1aea0000, 0x1aea0000)
  eden space 139776K,  99% used [0x10400000, 0x18c7fff8, 0x18c80000)
  from space 17472K,  99% used [0x19d90000, 0x1ae9ffa0, 0x1aea0000)
  to   space 17472K,   0% used [0x18c80000, 0x18c80000, 0x19d90000)
 tenured generation   total 349568K, used 349567K [0x1aea0000, 0x30400000, 0x30400000)
   the space 349568K,  99% used [0x1aea0000, 0x303ffff0, 0x30400000, 0x30400000)
 Metaspace       used 22477K, capacity 22990K, committed 23168K, reserved 23936K
Event: 17925.851 GC heap after
Heap after GC invocations=125 (full 81):
 def new generation   total 157248K, used 157242K [0x10400000, 0x1aea0000, 0x1aea0000)
  eden space 139776K,  99% used [0x10400000, 0x18c7fff8, 0x18c80000)
  from space 17472K,  99% used [0x19d90000, 0x1ae9eb70, 0x1aea0000)
  to   space 17472K,   0% used [0x18c80000, 0x18c80000, 0x19d90000)
 tenured generation   total 349568K, used 349567K [0x1aea0000, 0x30400000, 0x30400000)
   the space 349568K,  99% used [0x1aea0000, 0x303ffff0, 0x30400000, 0x30400000)
 Metaspace       used 22477K, capacity 22990K, committed 23168K, reserved 23936K
}
Event: 17925.851 GC heap before
{Heap before GC invocations=125 (full 81):
 def new generation   total 157248K, used 157247K [0x10400000, 0x1aea0000, 0x1aea0000)
  eden space 139776K,  99% used [0x10400000, 0x18c7fff8, 0x18c80000)
  from space 17472K,  99% used [0x19d90000, 0x1ae9fe60, 0x1aea0000)
  to   space 17472K,   0% used [0x18c80000, 0x18c80000, 0x19d90000)
 tenured generation   total 349568K, used 349567K [0x1aea0000, 0x30400000, 0x30400000)
   the space 349568K,  99% used [0x1aea0000, 0x303ffff0, 0x30400000, 0x30400000)
 Metaspace       used 22477K, capacity 22990K, committed 23168K, reserved 23936K
Event: 17926.235 GC heap after
Heap after GC invocations=126 (full 82):
 def new generation   total 157248K, used 157235K [0x10400000, 0x1aea0000, 0x1aea0000)
  eden space 139776K,  99% used [0x10400000, 0x18c7fff8, 0x18c80000)
  from space 17472K,  99% used [0x19d90000, 0x1ae9ccd8, 0x1aea0000)
  to   space 17472K,   0% used [0x18c80000, 0x18c80000, 0x19d90000)
 tenured generation   total 349568K, used 349567K [0x1aea0000, 0x30400000, 0x30400000)
   the space 349568K,  99% used [0x1aea0000, 0x303ffff0, 0x30400000, 0x30400000)
 Metaspace       used 22477K, capacity 22990K, committed 23168K, reserved 23936K
}
Event: 17926.236 GC heap before
{Heap before GC invocations=126 (full 82):
 def new generation   total 157248K, used 157244K [0x10400000, 0x1aea0000, 0x1aea0000)
  eden space 139776K,  99% used [0x10400000, 0x18c7fff8, 0x18c80000)
  from space 17472K,  99% used [0x19d90000, 0x1ae9f160, 0x1aea0000)
  to   space 17472K,   0% used [0x18c80000, 0x18c80000, 0x19d90000)
 tenured generation   total 349568K, used 349567K [0x1aea0000, 0x30400000, 0x30400000)
   the space 349568K,  99% used [0x1aea0000, 0x303ffff0, 0x30400000, 0x30400000)
 Metaspace       used 22477K, capacity 22990K, committed 23168K, reserved 23936K
Event: 17926.624 GC heap after
Heap after GC invocations=127 (full 83):
 def new generation   total 157248K, used 157238K [0x10400000, 0x1aea0000, 0x1aea0000)
  eden space 139776K,  99% used [0x10400000, 0x18c7fff8, 0x18c80000)
  from space 17472K,  99% used [0x19d90000, 0x1ae9d8c0, 0x1aea0000)
  to   space 17472K,   0% used [0x18c80000, 0x18c80000, 0x19d90000)
 tenured generation   total 349568K, used 349567K [0x1aea0000, 0x30400000, 0x30400000)
   the space 349568K,  99% used [0x1aea0000, 0x303ffff0, 0x30400000, 0x30400000)
 Metaspace       used 22477K, capacity 22990K, committed 23168K, reserved 23936K
}
Event: 17926.624 GC heap before
{Heap before GC invocations=127 (full 83):
 def new generation   total 157248K, used 157238K [0x10400000, 0x1aea0000, 0x1aea0000)
  eden space 139776K,  99% used [0x10400000, 0x18c7fff8, 0x18c80000)
  from space 17472K,  99% used [0x19d90000, 0x1ae9d8c0, 0x1aea0000)
  to   space 17472K,   0% used [0x18c80000, 0x18c80000, 0x19d90000)
 tenured generation   total 349568K, used 349567K [0x1aea0000, 0x30400000, 0x30400000)
   the space 349568K,  99% used [0x1aea0000, 0x303ffff0, 0x30400000, 0x30400000)
 Metaspace       used 22477K, capacity 22990K, committed 23168K, reserved 23936K
Event: 17927.009 GC heap after
Heap after GC invocations=128 (full 84):
 def new generation   total 157248K, used 157238K [0x10400000, 0x1aea0000, 0x1aea0000)
  eden space 139776K,  99% used [0x10400000, 0x18c7fff8, 0x18c80000)
  from space 17472K,  99% used [0x19d90000, 0x1ae9d858, 0x1aea0000)
  to   space 17472K,   0% used [0x18c80000, 0x18c80000, 0x19d90000)
 tenured generation   total 349568K, used 349567K [0x1aea0000, 0x30400000, 0x30400000)
   the space 349568K,  99% used [0x1aea0000, 0x303ffff0, 0x30400000, 0x30400000)
 Metaspace       used 22477K, capacity 22990K, committed 23168K, reserved 23936K
}

